2022-06-21 18:13:18,149:INFO:Counter is: 1
2022-06-21 18:13:18,149:INFO:Counter is: 2
2022-06-21 18:13:18,149:INFO:Counter is: 3
2022-06-21 18:13:18,149:INFO:Counter is: 4
2022-06-21 18:13:18,150:INFO:Counter is: 5
2022-06-21 18:13:18,150:INFO:Counter is: 6
2022-06-21 18:13:18,150:INFO:Counter is: 7
2022-06-21 18:13:18,150:INFO:Counter is: 8
2022-06-21 18:13:18,150:INFO:Counter is: 9
2022-06-21 18:13:18,150:INFO:Counter is: 1
2022-06-21 18:13:18,151:INFO:Counter two is: 3
2022-06-21 18:13:18,151:INFO:Counter two is: 4
2022-06-21 18:13:18,151:INFO:Counter two is: 5
2022-06-21 18:13:18,151:INFO:Counter two is: 6
2022-06-21 18:13:18,152:INFO:Counter two is: 7
2022-06-21 18:13:18,152:INFO:Counter two is: 8
2022-06-21 18:13:18,152:INFO:Counter two is: 9
2022-06-21 18:13:18,152:INFO:Counter two is: 1
2022-06-21 18:13:18,152:INFO:Counter two is: 2
2022-06-21 18:13:18,152:INFO:Counter two is: 3
2022-06-21 18:13:18,153:INFO:Control number is: 0
2022-06-21 18:13:18,153:INFO:Second control number is: 6
2022-06-21 18:13:18,153:INFO:1977-08-18 00:00:00
2022-06-21 18:13:18,153:INFO:Check results: True, True
2022-06-21 18:13:18,153:INFO:Entry: 47708180870
2022-06-21 18:13:18,153:INFO:Memory entry: True
2022-06-21 18:13:27,333:INFO:Counter is: 1
2022-06-21 18:13:27,333:INFO:Counter is: 2
2022-06-21 18:13:27,333:INFO:Counter is: 3
2022-06-21 18:13:27,333:INFO:Counter is: 4
2022-06-21 18:13:27,333:INFO:Counter is: 5
2022-06-21 18:13:27,333:INFO:Counter is: 6
2022-06-21 18:13:27,333:INFO:Counter is: 7
2022-06-21 18:13:27,333:INFO:Counter is: 8
2022-06-21 18:13:27,333:INFO:Counter is: 9
2022-06-21 18:13:27,333:INFO:Counter is: 1
2022-06-21 18:13:27,333:INFO:Counter two is: 3
2022-06-21 18:13:27,333:INFO:Counter two is: 4
2022-06-21 18:13:27,333:INFO:Counter two is: 5
2022-06-21 18:13:27,334:INFO:Counter two is: 6
2022-06-21 18:13:27,334:INFO:Counter two is: 7
2022-06-21 18:13:27,334:INFO:Counter two is: 8
2022-06-21 18:13:27,334:INFO:Counter two is: 9
2022-06-21 18:13:27,334:INFO:Counter two is: 1
2022-06-21 18:13:27,334:INFO:Counter two is: 2
2022-06-21 18:13:27,334:INFO:Counter two is: 3
2022-06-21 18:13:27,334:INFO:Control number is: 0
2022-06-21 18:13:27,334:INFO:Second control number is: 6
2022-06-21 18:13:27,334:INFO:1977-08-18 00:00:00
2022-06-21 18:13:27,334:INFO:Check results: False, True
2022-06-21 18:13:27,334:INFO:Entry: 47708180877
2022-06-21 18:13:27,335:INFO:Memory entry: False
